Tuyu/app/build/intermediates/manifest_merge_blame_file/debug/manifest-merger-blame-debug-report.txt
1<?xml version="1.0" encoding="utf-8"?>
2<manifest xmlns:android="http://schemas.android.com/apk/res/android"
3    package="com.tuyuservices.tuyu"
4    android:versionCode="1"
5    android:versionName="1.0" >
6
7    <uses-sdk
8        android:minSdkVersion="23"
8-->src\main\AndroidManifest.xml
9        android:targetSdkVersion="29" />
9-->src\main\AndroidManifest.xml
10    <!--
11         The ACCESS_COARSE/FINE_LOCATION permissions are not required to use
12         Google Maps Android API v2, but you must specify either coarse or fine
13         location permissions for the 'MyLocation' functionality.
14    -->
15    <uses-permission android:name="android.permission.ACCESS_FINE_LOCATION" />
15-->src\main\AndroidManifest.xml:9:5-79
15-->src\main\AndroidManifest.xml:9:22-76
16    <uses-permission android:name="android.permission.ACCESS_COARSE_LOCATION" />
16-->src\main\AndroidManifest.xml:10:5-81
16-->src\main\AndroidManifest.xml:10:22-78
17    <uses-permission android:name="android.permission.INTERNET" />
17-->src\main\AndroidManifest.xml:11:5-67
17-->src\main\AndroidManifest.xml:11:22-64
18    <uses-permission android:name="android.permission.ACCESS_NETWORK_STATE" />
18-->src\main\AndroidManifest.xml:12:5-78
18-->src\main\AndroidManifest.xml:12:22-76
19    <uses-permission android:name="android.permission.WAKE_LOCK" />
19-->src\main\AndroidManifest.xml:13:5-68
19-->src\main\AndroidManifest.xml:13:22-65
20    <uses-permission android:name="android.permission.READ_PHONE_STATE" />
20-->src\main\AndroidManifest.xml:14:5-75
20-->src\main\AndroidManifest.xml:14:22-72
21    <uses-permission android:name="android.permission.WRITE_EXTERNAL_STORAGE" />
21-->src\main\AndroidManifest.xml:15:5-80
21-->src\main\AndroidManifest.xml:15:22-78
22    <uses-permission android:name="android.permission.READ_EXTERNAL_STORAGE" />
22-->src\main\AndroidManifest.xml:16:5-79
22-->src\main\AndroidManifest.xml:16:22-77
23
24    <uses-feature
24-->[com.google.android.gms:play-services-maps:17.0.0] AndroidManifest.xml:26:5-28:35
25        android:glEsVersion="0x00020000"
25-->[com.google.android.gms:play-services-maps:17.0.0] AndroidManifest.xml:27:9-41
26        android:required="true" />
26-->[com.google.android.gms:play-services-maps:17.0.0] AndroidManifest.xml:28:9-32
27
28    <uses-permission android:name="android.permission.ACCESS_WIFI_STATE" /> <!-- Required by older versions of Google Play services to create IID tokens -->
28-->[com.amazonaws:aws-android-sdk-auth-userpools:2.16.8] AndroidManifest.xml:6:5-75
28-->[com.amazonaws:aws-android-sdk-auth-userpools:2.16.8] AndroidManifest.xml:6:22-73
29    <uses-permission android:name="com.google.android.c2dm.permission.RECEIVE" />
29-->[com.google.firebase:firebase-iid:20.0.2] AndroidManifest.xml:26:5-82
29-->[com.google.firebase:firebase-iid:20.0.2] AndroidManifest.xml:26:22-79
30    <uses-permission android:name="com.google.android.finsky.permission.BIND_GET_INSTALL_REFERRER_SERVICE" />
30-->[com.google.android.gms:play-services-measurement:17.2.2] AndroidManifest.xml:26:5-110
30-->[com.google.android.gms:play-services-measurement:17.2.2] AndroidManifest.xml:26:22-107
31
32    <application
32-->src\main\AndroidManifest.xml:18:5-74:19
33        android:allowBackup="true"
33-->src\main\AndroidManifest.xml:19:9-35
34        android:appComponentFactory="androidx.core.app.CoreComponentFactory"
34-->[androidx.core:core:1.1.0] AndroidManifest.xml:24:18-86
35        android:debuggable="true"
36        android:extractNativeLibs="false"
37        android:icon="@mipmap/ic_launcher"
37-->src\main\AndroidManifest.xml:20:9-43
38        android:label="@string/app_name"
38-->src\main\AndroidManifest.xml:21:9-41
39        android:roundIcon="@mipmap/ic_launcher_round"
39-->src\main\AndroidManifest.xml:22:9-54
40        android:supportsRtl="true"
40-->src\main\AndroidManifest.xml:23:9-35
41        android:testOnly="true"
42        android:theme="@style/AppTheme" >
42-->src\main\AndroidManifest.xml:24:9-40
43
44        <!-- add this service -->
45        <service android:name="org.eclipse.paho.android.service.MqttService" />
45-->src\main\AndroidManifest.xml:27:9-80
45-->src\main\AndroidManifest.xml:27:18-77
46
47        <!-- other code -->
48        <activity android:name="com.tuyuservices.tuyu.CognitoActivity" />
48-->src\main\AndroidManifest.xml:30:9-62
48-->src\main\AndroidManifest.xml:30:19-50
49        <activity android:name="com.tuyuservices.tuyu.ProfileActivity" />
49-->src\main\AndroidManifest.xml:31:9-53
49-->src\main\AndroidManifest.xml:31:19-50
50        <!--
51             The API key for Google Maps-based APIs is defined as a string resource.
52             (See the file "res/values/google_maps_api.xml").
53             Note that the API key is linked to the encryption key used to sign the APK.
54             You need a different API key for each encryption key, including the release key that is used to
55             sign the APK for publishing.
56             You can define the keys for the debug and release targets in src/debug/ and src/release/.
57        -->
58        <meta-data
58-->src\main\AndroidManifest.xml:40:9-42:55
59            android:name="com.google.android.geo.API_KEY"
59-->src\main\AndroidManifest.xml:41:13-58
60            android:value="@string/google_maps_key" />
60-->src\main\AndroidManifest.xml:42:13-52
61
62        <activity
62-->src\main\AndroidManifest.xml:44:9-46:66
63            android:name="com.tuyuservices.tuyu.MapAddressActivity"
63-->src\main\AndroidManifest.xml:45:13-47
64            android:label="@string/title_activity_map_address" />
64-->src\main\AndroidManifest.xml:46:13-63
65        <activity android:name="com.tuyuservices.tuyu.RatingsActivity" />
65-->src\main\AndroidManifest.xml:47:9-53
65-->src\main\AndroidManifest.xml:47:19-50
66        <activity
66-->src\main\AndroidManifest.xml:48:9-50:65
67            android:name="com.tuyuservices.tuyu.MapsFinalActivity"
67-->src\main\AndroidManifest.xml:49:13-46
68            android:label="@string/title_activity_maps_final" />
68-->src\main\AndroidManifest.xml:50:13-62
69        <activity android:name="com.tuyuservices.tuyu.PaymentActivity" />
69-->src\main\AndroidManifest.xml:51:9-53
69-->src\main\AndroidManifest.xml:51:19-50
70        <activity android:name="com.tuyuservices.tuyu.CartActivity" />
70-->src\main\AndroidManifest.xml:52:9-50
70-->src\main\AndroidManifest.xml:52:19-47
71        <activity android:name="com.tuyuservices.tuyu.ListActivitySecondary" />
71-->src\main\AndroidManifest.xml:53:9-59
71-->src\main\AndroidManifest.xml:53:19-56
72        <activity android:name="com.tuyuservices.tuyu.TrialDatabaseActivity" />
72-->src\main\AndroidManifest.xml:54:9-59
72-->src\main\AndroidManifest.xml:54:19-56
73        <activity
73-->src\main\AndroidManifest.xml:55:9-57:52
74            android:name="com.tuyuservices.tuyu.ListActivity"
74-->src\main\AndroidManifest.xml:56:13-41
75            android:screenOrientation="portrait" />
75-->src\main\AndroidManifest.xml:57:13-49
76        <activity
76-->src\main\AndroidManifest.xml:58:9-60:52
77            android:name="com.tuyuservices.tuyu.HomeActivity"
77-->src\main\AndroidManifest.xml:59:13-41
78            android:screenOrientation="portrait" />
78-->src\main\AndroidManifest.xml:60:13-49
79        <activity
79-->src\main\AndroidManifest.xml:61:9-63:52
80            android:name="com.tuyuservices.tuyu.LoginActivity"
80-->src\main\AndroidManifest.xml:62:13-42
81            android:screenOrientation="portrait" />
81-->src\main\AndroidManifest.xml:63:13-49
82        <activity
82-->src\main\AndroidManifest.xml:64:9-73:20
83            android:name="com.tuyuservices.tuyu.SplashActivity"
83-->src\main\AndroidManifest.xml:65:13-43
84            android:noHistory="true"
84-->src\main\AndroidManifest.xml:66:13-37
85            android:screenOrientation="portrait" >
85-->src\main\AndroidManifest.xml:67:13-49
86            <intent-filter>
86-->src\main\AndroidManifest.xml:68:13-72:29
87                <action android:name="android.intent.action.MAIN" />
87-->src\main\AndroidManifest.xml:69:17-69
87-->src\main\AndroidManifest.xml:69:25-66
88
89                <category android:name="android.intent.category.LAUNCHER" />
89-->src\main\AndroidManifest.xml:71:17-77
89-->src\main\AndroidManifest.xml:71:27-74
90            </intent-filter>
91        </activity>
92        <activity
92-->[com.google.firebase:firebase-auth:19.2.0] AndroidManifest.xml:24:9-31:50
93            android:name="com.google.firebase.auth.internal.FederatedSignInActivity"
93-->[com.google.firebase:firebase-auth:19.2.0] AndroidManifest.xml:25:13-85
94            android:excludeFromRecents="true"
94-->[com.google.firebase:firebase-auth:19.2.0] AndroidManifest.xml:26:13-46
95            android:exported="true"
95-->[com.google.firebase:firebase-auth:19.2.0] AndroidManifest.xml:27:13-36
96            android:launchMode="singleTask"
96-->[com.google.firebase:firebase-auth:19.2.0] AndroidManifest.xml:28:13-44
97            android:permission="com.google.firebase.auth.api.gms.permission.LAUNCH_FEDERATED_SIGN_IN"
97-->[com.google.firebase:firebase-auth:19.2.0] AndroidManifest.xml:29:13-102
98            android:theme="@android:style/Theme.Translucent.NoTitleBar" />
98-->[com.google.firebase:firebase-auth:19.2.0] AndroidManifest.xml:30:13-72
99
100        <service
100-->[com.google.firebase:firebase-auth:19.2.0] AndroidManifest.xml:33:9-39:19
101            android:name="com.google.firebase.components.ComponentDiscoveryService"
101-->[com.google.firebase:firebase-auth:19.2.0] AndroidManifest.xml:34:13-84
102            android:directBootAware="true"
102-->[com.google.firebase:firebase-common:19.3.0] AndroidManifest.xml:34:13-43
103            android:exported="false" >
103-->[com.google.firebase:firebase-auth:19.2.0] AndroidManifest.xml:35:13-37
104            <meta-data
104-->[com.google.firebase:firebase-auth:19.2.0] AndroidManifest.xml:36:13-38:85
105                android:name="com.google.firebase.components:com.google.firebase.auth.FirebaseAuthRegistrar"
105-->[com.google.firebase:firebase-auth:19.2.0] AndroidManifest.xml:37:17-109
106                android:value="com.google.firebase.components.ComponentRegistrar" />
106-->[com.google.firebase:firebase-auth:19.2.0] AndroidManifest.xml:38:17-82
107            <meta-data
107-->[com.google.firebase:firebase-firestore:21.4.0] AndroidManifest.xml:20:13-22:85
108                android:name="com.google.firebase.components:com.google.firebase.firestore.FirestoreRegistrar"
108-->[com.google.firebase:firebase-firestore:21.4.0] AndroidManifest.xml:21:17-111
109                android:value="com.google.firebase.components.ComponentRegistrar" />
109-->[com.google.firebase:firebase-firestore:21.4.0] AndroidManifest.xml:22:17-82
110            <meta-data
110-->[com.google.firebase:firebase-database:19.2.1] AndroidManifest.xml:32:13-34:85
111                android:name="com.google.firebase.components:com.google.firebase.database.DatabaseRegistrar"
111-->[com.google.firebase:firebase-database:19.2.1] AndroidManifest.xml:33:17-109
112                android:value="com.google.firebase.components.ComponentRegistrar" />
112-->[com.google.firebase:firebase-database:19.2.1] AndroidManifest.xml:34:17-82
113            <meta-data
113-->[com.google.android.gms:play-services-measurement-api:17.2.2] AndroidManifest.xml:30:13-32:85
114                android:name="com.google.firebase.components:com.google.firebase.analytics.connector.internal.AnalyticsConnectorRegistrar"
114-->[com.google.android.gms:play-services-measurement-api:17.2.2] AndroidManifest.xml:31:17-139
115                android:value="com.google.firebase.components.ComponentRegistrar" />
115-->[com.google.android.gms:play-services-measurement-api:17.2.2] AndroidManifest.xml:32:17-82
116            <meta-data
116-->[com.google.firebase:firebase-iid:20.0.2] AndroidManifest.xml:32:13-34:85
117                android:name="com.google.firebase.components:com.google.firebase.iid.Registrar"
117-->[com.google.firebase:firebase-iid:20.0.2] AndroidManifest.xml:33:17-96
118                android:value="com.google.firebase.components.ComponentRegistrar" />
118-->[com.google.firebase:firebase-iid:20.0.2] AndroidManifest.xml:34:17-82
119        </service> <!-- Needs to be explicitly declared on P+ -->
120        <uses-library
120-->[com.google.android.gms:play-services-maps:17.0.0] AndroidManifest.xml:33:9-35:40
121            android:name="org.apache.http.legacy"
121-->[com.google.android.gms:play-services-maps:17.0.0] AndroidManifest.xml:34:13-50
122            android:required="false" />
122-->[com.google.android.gms:play-services-maps:17.0.0] AndroidManifest.xml:35:13-37
123
124        <activity
124-->[com.amazonaws:aws-android-sdk-auth-userpools:2.16.8] AndroidManifest.xml:9:10-269
125            android:name="com.amazonaws.mobile.auth.userpools.ForceChangePasswordActivity"
125-->[com.amazonaws:aws-android-sdk-auth-userpools:2.16.8] AndroidManifest.xml:9:152-230
126            android:configChanges="keyboard|keyboardHidden|orientation|screenSize"
126-->[com.amazonaws:aws-android-sdk-auth-userpools:2.16.8] AndroidManifest.xml:9:20-90
127            android:label="@string/title_activity_force_change_password"
127-->[com.amazonaws:aws-android-sdk-auth-userpools:2.16.8] AndroidManifest.xml:9:91-151
128            android:screenOrientation="portrait" />
128-->[com.amazonaws:aws-android-sdk-auth-userpools:2.16.8] AndroidManifest.xml:9:231-267
129        <activity
129-->[com.amazonaws:aws-android-sdk-auth-userpools:2.16.8] AndroidManifest.xml:10:10-258
130            android:name="com.amazonaws.mobile.auth.userpools.ForgotPasswordActivity"
130-->[com.amazonaws:aws-android-sdk-auth-userpools:2.16.8] AndroidManifest.xml:10:146-219
131            android:configChanges="keyboard|keyboardHidden|orientation|screenSize"
131-->[com.amazonaws:aws-android-sdk-auth-userpools:2.16.8] AndroidManifest.xml:10:20-90
132            android:label="@string/title_activity_forgot_password"
132-->[com.amazonaws:aws-android-sdk-auth-userpools:2.16.8] AndroidManifest.xml:10:91-145
133            android:screenOrientation="portrait" />
133-->[com.amazonaws:aws-android-sdk-auth-userpools:2.16.8] AndroidManifest.xml:10:220-256
134        <activity
134-->[com.amazonaws:aws-android-sdk-auth-userpools:2.16.8] AndroidManifest.xml:11:10-242
135            android:name="com.amazonaws.mobile.auth.userpools.SignUpActivity"
135-->[com.amazonaws:aws-android-sdk-auth-userpools:2.16.8] AndroidManifest.xml:11:138-203
136            android:configChanges="keyboard|keyboardHidden|orientation|screenSize"
136-->[com.amazonaws:aws-android-sdk-auth-userpools:2.16.8] AndroidManifest.xml:11:20-90
137            android:label="@string/title_activity_sign_up"
137-->[com.amazonaws:aws-android-sdk-auth-userpools:2.16.8] AndroidManifest.xml:11:91-137
138            android:screenOrientation="portrait" />
138-->[com.amazonaws:aws-android-sdk-auth-userpools:2.16.8] AndroidManifest.xml:11:204-240
139        <activity
139-->[com.amazonaws:aws-android-sdk-auth-userpools:2.16.8] AndroidManifest.xml:13:10-235
140            android:name="com.amazonaws.mobile.auth.userpools.MFAActivity"
140-->[com.amazonaws:aws-android-sdk-auth-userpools:2.16.8] AndroidManifest.xml:13:134-196
141            android:configChanges="keyboard|keyboardHidden|orientation|screenSize"
141-->[com.amazonaws:aws-android-sdk-auth-userpools:2.16.8] AndroidManifest.xml:13:20-90
142            android:label="@string/title_activity_mfa"
142-->[com.amazonaws:aws-android-sdk-auth-userpools:2.16.8] AndroidManifest.xml:13:91-133
143            android:screenOrientation="portrait" />
143-->[com.amazonaws:aws-android-sdk-auth-userpools:2.16.8] AndroidManifest.xml:13:197-233
144        <activity
144-->[com.amazonaws:aws-android-sdk-auth-userpools:2.16.8] AndroidManifest.xml:15:10-257
145            android:name="com.amazonaws.mobile.auth.userpools.SignUpConfirmActivity"
145-->[com.amazonaws:aws-android-sdk-auth-userpools:2.16.8] AndroidManifest.xml:15:146-218
146            android:configChanges="keyboard|keyboardHidden|orientation|screenSize"
146-->[com.amazonaws:aws-android-sdk-auth-userpools:2.16.8] AndroidManifest.xml:15:20-90
147            android:label="@string/title_activity_sign_up_confirm"
147-->[com.amazonaws:aws-android-sdk-auth-userpools:2.16.8] AndroidManifest.xml:15:91-145
148            android:screenOrientation="portrait" />
148-->[com.amazonaws:aws-android-sdk-auth-userpools:2.16.8] AndroidManifest.xml:15:219-255
149        <activity
149-->[com.amazonaws:aws-android-sdk-auth-ui:2.16.8] AndroidManifest.xml:8:9-234
150            android:name="com.amazonaws.mobile.auth.ui.SignInActivity"
150-->[com.amazonaws:aws-android-sdk-auth-ui:2.16.8] AndroidManifest.xml:8:137-195
151            android:configChanges="keyboard|keyboardHidden|orientation|screenSize"
151-->[com.amazonaws:aws-android-sdk-auth-ui:2.16.8] AndroidManifest.xml:8:19-89
152            android:label="@string/title_activity_sign_in"
152-->[com.amazonaws:aws-android-sdk-auth-ui:2.16.8] AndroidManifest.xml:8:90-136
153            android:screenOrientation="portrait" />
153-->[com.amazonaws:aws-android-sdk-auth-ui:2.16.8] AndroidManifest.xml:8:196-232
154
155        <receiver
155-->[com.google.firebase:firebase-iid:20.0.2] AndroidManifest.xml:37:9-44:20
156            android:name="com.google.firebase.iid.FirebaseInstanceIdReceiver"
156-->[com.google.firebase:firebase-iid:20.0.2] AndroidManifest.xml:38:13-78
157            android:exported="true"
157-->[com.google.firebase:firebase-iid:20.0.2] AndroidManifest.xml:39:13-36
158            android:permission="com.google.android.c2dm.permission.SEND" >
158-->[com.google.firebase:firebase-iid:20.0.2] AndroidManifest.xml:40:13-73
159            <intent-filter>
159-->[com.google.firebase:firebase-iid:20.0.2] AndroidManifest.xml:41:13-43:29
160                <action android:name="com.google.android.c2dm.intent.RECEIVE" />
160-->[com.google.firebase:firebase-iid:20.0.2] AndroidManifest.xml:42:17-81
160-->[com.google.firebase:firebase-iid:20.0.2] AndroidManifest.xml:42:25-78
161            </intent-filter>
162        </receiver>
163
164        <activity
164-->[com.google.android.gms:play-services-base:17.1.0] AndroidManifest.xml:23:9-26:75
165            android:name="com.google.android.gms.common.api.GoogleApiActivity"
165-->[com.google.android.gms:play-services-base:17.1.0] AndroidManifest.xml:24:13-79
166            android:exported="false"
166-->[com.google.android.gms:play-services-base:17.1.0] AndroidManifest.xml:25:13-37
167            android:theme="@android:style/Theme.Translucent.NoTitleBar" />
167-->[com.google.android.gms:play-services-base:17.1.0] AndroidManifest.xml:26:13-72
168
169        <provider
169-->[com.google.firebase:firebase-common:19.3.0] AndroidManifest.xml:26:9-30:39
170            android:name="com.google.firebase.provider.FirebaseInitProvider"
170-->[com.google.firebase:firebase-common:19.3.0] AndroidManifest.xml:27:13-77
171            android:authorities="com.tuyuservices.tuyu.firebaseinitprovider"
171-->[com.google.firebase:firebase-common:19.3.0] AndroidManifest.xml:28:13-72
172            android:exported="false"
172-->[com.google.firebase:firebase-common:19.3.0] AndroidManifest.xml:29:13-37
173            android:initOrder="100" />
173-->[com.google.firebase:firebase-common:19.3.0] AndroidManifest.xml:30:13-36
174
175        <receiver
175-->[com.google.android.gms:play-services-measurement:17.2.2] AndroidManifest.xml:29:9-33:20
176            android:name="com.google.android.gms.measurement.AppMeasurementReceiver"
176-->[com.google.android.gms:play-services-measurement:17.2.2] AndroidManifest.xml:30:13-85
177            android:enabled="true"
177-->[com.google.android.gms:play-services-measurement:17.2.2] AndroidManifest.xml:31:13-35
178            android:exported="false" >
178-->[com.google.android.gms:play-services-measurement:17.2.2] AndroidManifest.xml:32:13-37
179        </receiver>
180        <receiver
180-->[com.google.android.gms:play-services-measurement:17.2.2] AndroidManifest.xml:34:9-42:20
181            android:name="com.google.android.gms.measurement.AppMeasurementInstallReferrerReceiver"
181-->[com.google.android.gms:play-services-measurement:17.2.2] AndroidManifest.xml:35:13-100
182            android:enabled="true"
182-->[com.google.android.gms:play-services-measurement:17.2.2] AndroidManifest.xml:36:13-35
183            android:exported="true"
183-->[com.google.android.gms:play-services-measurement:17.2.2] AndroidManifest.xml:37:13-36
184            android:permission="android.permission.INSTALL_PACKAGES" >
184-->[com.google.android.gms:play-services-measurement:17.2.2] AndroidManifest.xml:38:13-69
185            <intent-filter>
185-->[com.google.android.gms:play-services-measurement:17.2.2] AndroidManifest.xml:39:13-41:29
186                <action android:name="com.android.vending.INSTALL_REFERRER" />
186-->[com.google.android.gms:play-services-measurement:17.2.2] AndroidManifest.xml:40:17-79
186-->[com.google.android.gms:play-services-measurement:17.2.2] AndroidManifest.xml:40:25-76
187            </intent-filter>
188        </receiver>
189
190        <service
190-->[com.google.android.gms:play-services-measurement:17.2.2] AndroidManifest.xml:44:9-47:40
191            android:name="com.google.android.gms.measurement.AppMeasurementService"
191-->[com.google.android.gms:play-services-measurement:17.2.2] AndroidManifest.xml:45:13-84
192            android:enabled="true"
192-->[com.google.android.gms:play-services-measurement:17.2.2] AndroidManifest.xml:46:13-35
193            android:exported="false" />
193-->[com.google.android.gms:play-services-measurement:17.2.2] AndroidManifest.xml:47:13-37
194        <service
194-->[com.google.android.gms:play-services-measurement:17.2.2] AndroidManifest.xml:48:9-52:72
195            android:name="com.google.android.gms.measurement.AppMeasurementJobService"
195-->[com.google.android.gms:play-services-measurement:17.2.2] AndroidManifest.xml:49:13-87
196            android:enabled="true"
196-->[com.google.android.gms:play-services-measurement:17.2.2] AndroidManifest.xml:50:13-35
197            android:exported="false"
197-->[com.google.android.gms:play-services-measurement:17.2.2] AndroidManifest.xml:51:13-37
198            android:permission="android.permission.BIND_JOB_SERVICE" />
198-->[com.google.android.gms:play-services-measurement:17.2.2] AndroidManifest.xml:52:13-69
199
200        <meta-data
200-->[com.google.android.gms:play-services-basement:17.0.0] AndroidManifest.xml:23:9-25:69
201            android:name="com.google.android.gms.version"
201-->[com.google.android.gms:play-services-basement:17.0.0] AndroidManifest.xml:24:13-58
202            android:value="@integer/google_play_services_version" />
202-->[com.google.android.gms:play-services-basement:17.0.0] AndroidManifest.xml:25:13-66
203    </application>
204
205</manifest>